This is pdfTeX, Version 3.14159265-2.6-1.40.18 (TeX Live 2017/Debian) (preloaded format=pdflatex 2019.7.20)  30 JAN 2020 07:52
entering extended mode
 restricted \write18 enabled.
 %&-line parsing enabled.
**TesisMSc.tex
(./TesisMSc.tex
LaTeX2e <2017-04-15>
Babel <3.18> and hyphenation patterns for 84 language(s) loaded.
(./EncabezadoTesisMSc.tex
(/usr/share/texlive/texmf-dist/tex/latex/koma-script/scrbook.cls
Document Class: scrbook 2017/09/07 v3.24 KOMA-Script document class (book)
(/usr/share/texlive/texmf-dist/tex/latex/koma-script/scrkbase.sty
Package: scrkbase 2017/09/07 v3.24 KOMA-Script package (KOMA-Script-dependent b
asics and keyval usage)

(/usr/share/texlive/texmf-dist/tex/latex/koma-script/scrbase.sty
Package: scrbase 2017/09/07 v3.24 KOMA-Script package (KOMA-Script-independent 
basics and keyval usage)

(/usr/share/texlive/texmf-dist/tex/latex/graphics/keyval.sty
Package: keyval 2014/10/28 v1.15 key=value parser (DPC)
\KV@toks@=\toks14
)
(/usr/share/texlive/texmf-dist/tex/latex/koma-script/scrlfile.sty
Package: scrlfile 2017/09/07 v3.24 KOMA-Script package (loading files)
)))
(/usr/share/texlive/texmf-dist/tex/latex/koma-script/tocbasic.sty
Package: tocbasic 2017/09/07 v3.24 KOMA-Script package (handling toc-files)
\scr@dte@tocline@numberwidth=\skip41
\scr@dte@tocline@numbox=\box26
)
Package tocbasic Info: omitting babel extension for `toc'
(tocbasic)             because of feature `nobabel' available
(tocbasic)             for `toc' on input line 135.
Package tocbasic Info: omitting babel extension for `lof'
(tocbasic)             because of feature `nobabel' available
(tocbasic)             for `lof' on input line 137.
Package tocbasic Info: omitting babel extension for `lot'
(tocbasic)             because of feature `nobabel' available
(tocbasic)             for `lot' on input line 138.
Package tocbasic Info: defining new hook before heading of `' on input line 162
3.
Package scrbook Info: You've used standard option `12pt'.
(scrbook)             This is correct!
(scrbook)             Internally I'm using `fontsize=12pt'.
(scrbook)             If you'd like to set the option with \KOMAoptions,
(scrbook)             you'd have to use `fontsize=12pt' there
(scrbook)             instead of `12pt', too.

(/usr/share/texlive/texmf-dist/tex/latex/base/fleqn.clo
File: fleqn.clo 2016/12/29 v1.2a Standard LaTeX option (flush left equations)
\mathindent=\dimen102
Applying: [2015/01/01] Make \[ robust on input line 50.
LaTeX Info: Redefining \[ on input line 51.
Already applied: [0000/00/00] Make \[ robust on input line 62.
Applying: [2015/01/01] Make \] robust on input line 74.
LaTeX Info: Redefining \] on input line 75.
Already applied: [0000/00/00] Make \] robust on input line 83.
)
Class scrbook Info: You've used standard option `openany'.
(scrbook)           This is correct!
(scrbook)           Internally I'm using `open=any'.
(scrbook)           If you'd like to set the option with \KOMAoptions,
(scrbook)           you'd have to use `open=any' there
(scrbook)           instead of `openany', too.
Class scrbook Info: File `scrsize12pt.clo' used to setup font sizes on input li
ne 2296.

(/usr/share/texlive/texmf-dist/tex/latex/koma-script/scrsize12pt.clo
File: scrsize12pt.clo 2017/09/07 v3.24 KOMA-Script font size class option (12pt
)
)
(/usr/share/texlive/texmf-dist/tex/latex/koma-script/typearea.sty
Package: typearea 2017/09/07 v3.24 KOMA-Script package (type area)
\ta@bcor=\skip42
\ta@div=\count79
Package typearea Info: You've used standard option `letterpaper'.
(typearea)             This is correct!
(typearea)             Internally I'm using `paper=letter'.
(typearea)             If you'd like to set the option with \KOMAoptions,
(typearea)             you'd have to use `paper=letter' there
(typearea)             instead of `letterpaper', too.
\ta@hblk=\skip43
\ta@vblk=\skip44
\ta@temp=\skip45
\footheight=\skip46
Package typearea Info: These are the values describing the layout:
(typearea)             DIV  = 12
(typearea)             BCOR = 0.0pt
(typearea)             \paperwidth      = 614.295pt
(typearea)              \textwidth      = 460.72128pt
(typearea)              DIV departure   = -9%
(typearea)              \evensidemargin = 30.11249pt
(typearea)              \oddsidemargin  = -21.07875pt
(typearea)             \paperheight     = 794.96999pt
(typearea)              \textheight     = 606.5pt
(typearea)              \topmargin      = -45.89749pt
(typearea)              \headheight     = 18.125pt
(typearea)              \headsep        = 21.75pt
(typearea)              \topskip        = 12.0pt
(typearea)              \footskip       = 50.75pt
(typearea)              \baselineskip   = 14.5pt
(typearea)              on input line 1686.
)
\c@part=\count80
\c@chapter=\count81
\c@section=\count82
\c@subsection=\count83
\c@subsubsection=\count84
\c@paragraph=\count85
\c@subparagraph=\count86
\scr@dte@part@maxnumwidth=\skip47
\scr@dte@chapter@maxnumwidth=\skip48
\scr@dte@section@maxnumwidth=\skip49
\scr@dte@subsection@maxnumwidth=\skip50
\scr@dte@subsubsection@maxnumwidth=\skip51
\scr@dte@paragraph@maxnumwidth=\skip52
\scr@dte@subparagraph@maxnumwidth=\skip53
LaTeX Info: Redefining \textsubscript on input line 4966.
\abovecaptionskip=\skip54
\belowcaptionskip=\skip55
\c@pti@nb@sid@b@x=\box27
\c@figure=\count87
\c@table=\count88
Class scrbook Info: Redefining `\numberline' on input line 6142.
\bibindent=\dimen103
)
(/usr/share/texlive/texmf-dist/tex/latex/base/inputenc.sty
Package: inputenc 2015/03/17 v1.2c Input encoding file
\inpenc@prehook=\toks15
\inpenc@posthook=\toks16

(/usr/share/texlive/texmf-dist/tex/latex/base/ansinew.def
File: ansinew.def 2015/03/17 v1.2c Input encoding file
))
(/usr/share/texlive/texmf-dist/tex/generic/babel/babel.sty
Package: babel 2018/02/14 3.18 The Babel package

(/usr/share/texlive/texmf-dist/tex/generic/babel/switch.def
File: switch.def 2018/02/14 3.18 Babel switching mechanism
)
(/usr/share/texlive/texmf-dist/tex/generic/babel-spanish/spanish.ldf
Language: spanish.ldf 2016/03/03 v5.0p Spanish support from the babel system

(/usr/share/texlive/texmf-dist/tex/generic/babel/babel.def
File: babel.def 2018/02/14 3.18 Babel common definitions
\babel@savecnt=\count89
\U@D=\dimen104

(/usr/share/texlive/texmf-dist/tex/generic/babel/txtbabel.def)
\bbl@dirlevel=\count90
)
\es@quottoks=\toks17
\es@quotdepth=\count91
Package babel Info: Making " an active character on input line 561.
Package babel Info: Making . an active character on input line 662.
Package babel Info: Making < an active character on input line 707.
Package babel Info: Making > an active character on input line 707.
))

Class scrbook Warning: Usage of package `fancyhdr' together
(scrbook)              with a KOMA-Script class is not recommended.
(scrbook)              I'd suggest to use 
(scrbook)              package `scrlayer' or `scrlayer-scrpage', because
(scrbook)              they support KOMA-Script classes.
(scrbook)              With `fancyhdr' several features of class `scrbook'
(scrbook)              like options `headsepline', `footsepline' or command
(scrbook)              `\MakeMarkcase' and the commands `\setkomafont' and
(scrbook)              `\addtokomafont' for the page style elements need
(scrbook)              explicite user intervention to work.
(scrbook)              Nevertheless, using requested
(scrbook)              package `fancyhdr' on input line 5.

(/usr/share/texlive/texmf-dist/tex/latex/fancyhdr/fancyhdr.sty
Package: fancyhdr 2017/06/30 v3.9a Extensive control of page headers and footer
s
\f@nch@headwidth=\skip56
\f@nch@O@elh=\skip57
\f@nch@O@erh=\skip58
\f@nch@O@olh=\skip59
\f@nch@O@orh=\skip60
\f@nch@O@elf=\skip61
\f@nch@O@erf=\skip62
\f@nch@O@olf=\skip63
\f@nch@O@orf=\skip64
)
(/usr/share/texlive/texmf-dist/tex/latex/graphics/epsfig.sty
Package: epsfig 2017/06/25 v1.7b (e)psfig emulation (SPQR)

(/usr/share/texlive/texmf-dist/tex/latex/graphics/graphicx.sty
Package: graphicx 2017/06/01 v1.1a Enhanced LaTeX Graphics (DPC,SPQR)

(/usr/share/texlive/texmf-dist/tex/latex/graphics/graphics.sty
Package: graphics 2017/06/25 v1.2c Standard LaTeX Graphics (DPC,SPQR)

(/usr/share/texlive/texmf-dist/tex/latex/graphics/trig.sty
Package: trig 2016/01/03 v1.10 sin cos tan (DPC)
)
(/usr/share/texlive/texmf-dist/tex/latex/graphics-cfg/graphics.cfg
File: graphics.cfg 2016/06/04 v1.11 sample graphics configuration
)
Package graphics Info: Driver file: pdftex.def on input line 99.

(/usr/share/texlive/texmf-dist/tex/latex/graphics-def/pdftex.def
File: pdftex.def 2018/01/08 v1.0l Graphics/color driver for pdftex
))
\Gin@req@height=\dimen105
\Gin@req@width=\dimen106
)
\epsfxsize=\dimen107
\epsfysize=\dimen108
)
(/usr/share/texlive/texmf-dist/tex/latex/eepic/epic.sty
Enhancements to Picture Environment. Version 1.2 - Released June 1, 1986
\@@multicnt=\count92
\d@lta=\count93
\@delta=\dimen109
\@@delta=\dimen110
\@gridcnt=\count94
\@joinkind=\count95
\@dotgap=\dimen111
\@ddotgap=\dimen112
\@x@diff=\count96
\@y@diff=\count97
\x@diff=\dimen113
\y@diff=\dimen114
\@dotbox=\box28
\num@segments=\count98
\num@segmentsi=\count99
\@datafile=\read1
) (/usr/share/texlive/texmf-dist/tex/latex/eepic/eepic.sty
Extension to Epic and LaTeX. Version 1.1e - Released Dec 21, 1999
\@gphlinewidth=\count100
\@eepictcnt=\count101
\@tempdimc=\dimen115
\maxovaldiam=\dimen116
\@filltype=\box29
) (/usr/share/texlive/texmf-dist/tex/latex/amsmath/amsmath.sty
Package: amsmath 2017/09/02 v2.17a AMS math features
\@mathmargin=\skip65

For additional information on amsmath, use the `?' option.
(/usr/share/texlive/texmf-dist/tex/latex/amsmath/amstext.sty
Package: amstext 2000/06/29 v2.01 AMS text

(/usr/share/texlive/texmf-dist/tex/latex/amsmath/amsgen.sty
File: amsgen.sty 1999/11/30 v2.0 generic functions
\@emptytoks=\toks18
\ex@=\dimen117
))
(/usr/share/texlive/texmf-dist/tex/latex/amsmath/amsbsy.sty
Package: amsbsy 1999/11/29 v1.2d Bold Symbols
\pmbraise@=\dimen118
)
(/usr/share/texlive/texmf-dist/tex/latex/amsmath/amsopn.sty
Package: amsopn 2016/03/08 v2.02 operator names
)
\inf@bad=\count102
LaTeX Info: Redefining \frac on input line 213.
\uproot@=\count103
\leftroot@=\count104
LaTeX Info: Redefining \overline on input line 375.
\classnum@=\count105
\DOTSCASE@=\count106
LaTeX Info: Redefining \ldots on input line 472.
LaTeX Info: Redefining \dots on input line 475.
LaTeX Info: Redefining \cdots on input line 596.
\Mathstrutbox@=\box30
\strutbox@=\box31
\big@size=\dimen119
LaTeX Font Info:    Redeclaring font encoding OML on input line 712.
LaTeX Font Info:    Redeclaring font encoding OMS on input line 713.
\macc@depth=\count107
\c@MaxMatrixCols=\count108
\dotsspace@=\muskip10
\c@parentequation=\count109
\dspbrk@lvl=\count110
\tag@help=\toks19
\row@=\count111
\column@=\count112
\maxfields@=\count113
\andhelp@=\toks20
\eqnshift@=\dimen120
\alignsep@=\dimen121
\tagshift@=\dimen122
\tagwidth@=\dimen123
\totwidth@=\dimen124
\lineht@=\dimen125
\@envbody=\toks21
\multlinegap=\skip66
\multlinetaggap=\skip67
\mathdisplay@stack=\toks22
LaTeX Info: Redefining \[ on input line 2817.
LaTeX Info: Redefining \] on input line 2818.
)
(/usr/share/texlive/texmf-dist/tex/latex/threeparttable/threeparttable.sty
Package: threeparttable 2003/06/13  v 3.0
\@tempboxb=\box32
)
(/usr/share/texlive/texmf-dist/tex/latex/amsmath/amscd.sty
Package: amscd 2017/04/14 v2.1 AMS Commutative Diagrams
\athelp@=\toks23
\minaw@=\dimen126
\bigaw@=\dimen127
\minCDarrowwidth=\dimen128
)
(/usr/share/texlive/texmf-dist/tex/latex/here/here.sty)
(/usr/share/texlive/texmf-dist/tex/latex/float/float.sty
Package: float 2001/11/08 v1.3d Float enhancements (AL)
\c@float@type=\count114
\float@exts=\toks24
\float@box=\box33
\@float@everytoks=\toks25
\@floatcapt=\box34
)
(/usr/share/texlive/texmf-dist/tex/latex/graphics/lscape.sty
Package: lscape 2000/10/22 v3.01 Landscape Pages (DPC)
)
(/usr/share/texlive/texmf-dist/tex/latex/tools/tabularx.sty
Package: tabularx 2016/02/03 v2.11 `tabularx' package (DPC)

(/usr/share/texlive/texmf-dist/tex/latex/tools/array.sty
Package: array 2016/10/06 v2.4d Tabular extension package (FMi)
\col@sep=\dimen129
\extrarowheight=\dimen130
\NC@list=\toks26
\extratabsurround=\skip68
\backup@length=\skip69
)
\TX@col@width=\dimen131
\TX@old@table=\dimen132
\TX@old@col=\dimen133
\TX@target=\dimen134
\TX@delta=\dimen135
\TX@cols=\count115
\TX@ftn=\toks27
)
(/usr/share/texlive/texmf-dist/tex/latex/subfigure/subfigure.sty
Package: subfigure 2002/03/15 v2.1.5 subfigure package
\subfigtopskip=\skip70
\subfigcapskip=\skip71
\subfigcaptopadj=\dimen136
\subfigbottomskip=\skip72
\subfigcapmargin=\dimen137
\subfiglabelskip=\skip73
\c@subfigure=\count116
\c@lofdepth=\count117
\c@subtable=\count118
\c@lotdepth=\count119

****************************************
* Local config file subfigure.cfg used *
****************************************
(/usr/share/texlive/texmf-dist/tex/latex/subfigure/subfigure.cfg)
\subfig@top=\skip74
\subfig@bottom=\skip75
)
(/usr/share/texlive/texmf-dist/tex/latex/tools/longtable.sty
Package: longtable 2014/10/28 v4.11 Multi-page Table package (DPC)
\LTleft=\skip76
\LTright=\skip77
\LTpre=\skip78
\LTpost=\skip79
\LTchunksize=\count120
\LTcapwidth=\dimen138
\LT@head=\box35
\LT@firsthead=\box36
\LT@foot=\box37
\LT@lastfoot=\box38
\LT@cols=\count121
\LT@rows=\count122
\c@LT@tables=\count123
\c@LT@chunks=\count124
\LT@p@ftn=\toks28
)
Class scrbook Info: longtable captions redefined on input line 17.

(/usr/share/texlive/texmf-dist/tex/latex/graphics/rotating.sty
Package: rotating 2016/08/11 v2.16d rotated objects in LaTeX

(/usr/share/texlive/texmf-dist/tex/latex/base/ifthen.sty
Package: ifthen 2014/09/29 v1.1c Standard LaTeX ifthen package (DPC)
)
\c@r@tfl@t=\count125
\rotFPtop=\skip80
\rotFPbot=\skip81
\rot@float@box=\box39
\rot@mess@toks=\toks29
) (./Befehle.sty))
(/usr/share/texlive/texmf-dist/tex/latex/mhchem/mhchem.sty
Package: mhchem 2017/07/24 v4.07 for typesetting chemical formulae

(/usr/share/texlive/texmf-dist/tex/latex/l3kernel/expl3.sty
Package: expl3 2018/02/21 L3 programming layer (loader) 

(/usr/share/texlive/texmf-dist/tex/latex/l3kernel/expl3-code.tex
Package: expl3 2018/02/21 L3 programming layer (code)
\c_max_int=\count126
\l_tmpa_int=\count127
\l_tmpb_int=\count128
\g_tmpa_int=\count129
\g_tmpb_int=\count130
\g__intarray_font_int=\count131
\g__prg_map_int=\count132
\c_log_iow=\count133
\l_iow_line_count_int=\count134
\l__iow_line_target_int=\count135
\l__iow_one_indent_int=\count136
\l__iow_indent_int=\count137
\c_zero_dim=\dimen139
\c_max_dim=\dimen140
\l_tmpa_dim=\dimen141
\l_tmpb_dim=\dimen142
\g_tmpa_dim=\dimen143
\g_tmpb_dim=\dimen144
\c_zero_skip=\skip82
\c_max_skip=\skip83
\l_tmpa_skip=\skip84
\l_tmpb_skip=\skip85
\g_tmpa_skip=\skip86
\g_tmpb_skip=\skip87
\c_zero_muskip=\muskip11
\c_max_muskip=\muskip12
\l_tmpa_muskip=\muskip13
\l_tmpb_muskip=\muskip14
\g_tmpa_muskip=\muskip15
\g_tmpb_muskip=\muskip16
\l_keys_choice_int=\count138
\c__fp_leading_shift_int=\count139
\c__fp_middle_shift_int=\count140
\c__fp_trailing_shift_int=\count141
\c__fp_big_leading_shift_int=\count142
\c__fp_big_middle_shift_int=\count143
\c__fp_big_trailing_shift_int=\count144
\c__fp_Bigg_leading_shift_int=\count145
\c__fp_Bigg_middle_shift_int=\count146
\c__fp_Bigg_trailing_shift_int=\count147
\c__fp_rand_size_int=\count148
\c__fp_rand_four_int=\count149
\c__fp_rand_eight_int=\count150
\l__sort_length_int=\count151
\l__sort_min_int=\count152
\l__sort_top_int=\count153
\l__sort_max_int=\count154
\l__sort_true_max_int=\count155
\l__sort_block_int=\count156
\l__sort_begin_int=\count157
\l__sort_end_int=\count158
\l__sort_A_int=\count159
\l__sort_B_int=\count160
\l__sort_C_int=\count161
\l__tl_build_start_index_int=\count162
\l__tl_build_index_int=\count163
\l__tl_analysis_normal_int=\count164
\l__tl_analysis_index_int=\count165
\l__tl_analysis_nesting_int=\count166
\l__tl_analysis_type_int=\count167
\l__regex_internal_a_int=\count168
\l__regex_internal_b_int=\count169
\l__regex_internal_c_int=\count170
\l__regex_balance_int=\count171
\l__regex_group_level_int=\count172
\l__regex_mode_int=\count173
\c__regex_cs_in_class_mode_int=\count174
\c__regex_cs_mode_int=\count175
\l__regex_catcodes_int=\count176
\l__regex_default_catcodes_int=\count177
\c__regex_catcode_D_int=\count178
\c__regex_catcode_S_int=\count179
\c__regex_catcode_L_int=\count180
\c__regex_catcode_O_int=\count181
\c__regex_catcode_A_int=\count182
\c__regex_all_catcodes_int=\count183
\l__regex_show_lines_int=\count184
\l__regex_min_state_int=\count185
\l__regex_max_state_int=\count186
\l__regex_left_state_int=\count187
\l__regex_right_state_int=\count188
\l__regex_capturing_group_int=\count189
\l__regex_min_pos_int=\count190
\l__regex_max_pos_int=\count191
\l__regex_curr_pos_int=\count192
\l__regex_start_pos_int=\count193
\l__regex_success_pos_int=\count194
\l__regex_curr_char_int=\count195
\l__regex_curr_catcode_int=\count196
\l__regex_last_char_int=\count197
\l__regex_case_changed_char_int=\count198
\l__regex_curr_state_int=\count199
\l__regex_step_int=\count266
\l__regex_min_active_int=\count267
\l__regex_max_active_int=\count268
\l__regex_replacement_csnames_int=\count269
\l__regex_match_count_int=\count270
\l__regex_min_submatch_int=\count271
\l__regex_submatch_int=\count272
\l__regex_zeroth_submatch_int=\count273
\g__regex_trace_regex_int=\count274
\c_empty_box=\box40
\l_tmpa_box=\box41
\l_tmpb_box=\box42
\g_tmpa_box=\box43
\g_tmpb_box=\box44
\l__box_top_dim=\dimen145
\l__box_bottom_dim=\dimen146
\l__box_left_dim=\dimen147
\l__box_right_dim=\dimen148
\l__box_top_new_dim=\dimen149
\l__box_bottom_new_dim=\dimen150
\l__box_left_new_dim=\dimen151
\l__box_right_new_dim=\dimen152
\l__box_internal_box=\box45
\l__coffin_internal_box=\box46
\l__coffin_internal_dim=\dimen153
\l__coffin_offset_x_dim=\dimen154
\l__coffin_offset_y_dim=\dimen155
\l__coffin_x_dim=\dimen156
\l__coffin_y_dim=\dimen157
\l__coffin_x_prime_dim=\dimen158
\l__coffin_y_prime_dim=\dimen159
\c_empty_coffin=\box47
\l__coffin_aligned_coffin=\box48
\l__coffin_aligned_internal_coffin=\box49
\l_tmpa_coffin=\box50
\l_tmpb_coffin=\box51
\l__coffin_display_coffin=\box52
\l__coffin_display_coord_coffin=\box53
\l__coffin_display_pole_coffin=\box54
\l__coffin_display_offset_dim=\dimen160
\l__coffin_display_x_dim=\dimen161
\l__coffin_display_y_dim=\dimen162
\l__coffin_bounding_shift_dim=\dimen163
\l__coffin_left_corner_dim=\dimen164
\l__coffin_right_corner_dim=\dimen165
\l__coffin_bottom_corner_dim=\dimen166
\l__coffin_top_corner_dim=\dimen167
\l__coffin_scaled_total_height_dim=\dimen168
\l__coffin_scaled_width_dim=\dimen169
)
(/usr/share/texlive/texmf-dist/tex/latex/l3kernel/l3pdfmode.def
File: l3pdfmode.def 2017/03/18 v L3 Experimental driver: PDF mode
\l__driver_color_stack_int=\count275
\l__driver_tmp_box=\box55
))
(/usr/share/texlive/texmf-dist/tex/latex/l3packages/l3keys2e/l3keys2e.sty
Package: l3keys2e 2018/02/21 LaTeX2e option processing using LaTeX3 keys
)
(/usr/share/texlive/texmf-dist/tex/latex/tools/calc.sty
Package: calc 2014/10/28 v4.3 Infix arithmetic (KKT,FJ)
\calc@Acount=\count276
\calc@Bcount=\count277
\calc@Adimen=\dimen170
\calc@Bdimen=\dimen171
\calc@Askip=\skip88
\calc@Bskip=\skip89
LaTeX Info: Redefining \setlength on input line 80.
LaTeX Info: Redefining \addtolength on input line 81.
\calc@Ccount=\count278
\calc@Cskip=\skip90
)
(/usr/share/texlive/texmf-dist/tex/latex/chemgreek/chemgreek.sty
(/usr/share/texlive/texmf-dist/tex/latex/l3packages/xparse/xparse.sty
Package: xparse 2018/02/21 L3 Experimental document command parser
\l__xparse_current_arg_int=\count279
\g__xparse_grabber_int=\count280
\l__xparse_m_args_int=\count281
\l__xparse_mandatory_args_int=\count282
\l__xparse_v_nesting_int=\count283
)
Package: chemgreek 2016/12/20 v1.1 interfaceforuprightgreeklettersforuseinchemi
stry (CN)
\l__chemgreek_tmpa_int=\count284
\g__chemgreek_tmpa_int=\count285
.................................................
. LaTeX info: "xparse/define-command"
. 
. Defining command \newchemgreekmapping with sig. 'O{}mm' on line 336.
.................................................
.................................................
. LaTeX info: "xparse/define-command"
. 
. Defining command \renewchemgreekmapping with sig. 'O{}mm' on line 339.
.................................................
.................................................
. LaTeX info: "xparse/define-command"
. 
. Defining command \declarechemgreekmapping with sig. 'O{}mm' on line 342.
.................................................
.................................................
. LaTeX info: "xparse/define-command"
. 
. Defining command \newchemgreekmappingalias with sig. 'mm' on line 347.
.................................................
.................................................
. LaTeX info: "xparse/define-command"
. 
. Defining command \renewchemgreekmappingalias with sig. 'mm' on line 350.
.................................................
.................................................
. LaTeX info: "xparse/define-command"
. 
. Defining command \declarechemgreekmappingalias with sig. 'mm' on line 353.
.................................................
.................................................
. LaTeX info: "xparse/define-command"
. 
. Defining command \changechemgreeksymbol with sig. 'mmmm' on line 383.
.................................................
.................................................
. LaTeX info: "xparse/define-command"
. 
. Defining command \chemgreekmappingsymbol with sig. 'mm' on line 477.
.................................................
.................................................
. LaTeX info: "xparse/define-command"
. 
. Defining command \activatechemgreekmapping with sig. 'sm' on line 486.
.................................................
.................................................
. LaTeX info: "xparse/define-command"
. 
. Defining command \selectchemgreekmapping with sig. 'm' on line 491.
.................................................
)
\l__mhchem_ce_distanceFromLastComma_int=\count286
\__mhchem_arrow_extPgfLength_skip=\skip91
\mhchem@minispace@tmp=\skip92
\mhchem@minibackspace@tmp=\skip93
\mhchem@bondwidth=\skip94
\mhchem@bondheight=\skip95
\mhchem@smallbondwidth@tmpA=\skip96
\mhchem@smallbondwidth@tmpB=\skip97
\mhchem@smallbondwidth=\skip98
\mhchem@bondtmp@minussidebearingleft=\skip99
\mhchem@bondtmp@minussidebearingright=\skip100
\l__mhchem_option_version_int=\count287
\mhchem@option@minusmathsidebearingleft=\dimen172
\mhchem@option@minusmathsidebearingright=\dimen173
\mhchem@option@minustextsidebearingleft=\dimen174
\mhchem@option@minustextsidebearingright=\dimen175
)
(./TesisMSc.aux (./HojaTitulo/HojaTituloMSc.aux)
LaTeX Info: Redefining \. on input line 8.
LaTeX Info: Redefining \% on input line 8.

(./Tab_Simbolos/TabSimbolosMSc.aux

LaTeX Warning: Label `simbolosg' multiply defined.


LaTeX Warning: Label `simbolosg' multiply defined.


LaTeX Warning: Label `simbolosg' multiply defined.

) (./Kap1/Kap1.aux) (./Kap2/Kap2.aux) (./Kap3/Kap3.aux

LaTeX Warning: Label `eq:5' multiply defined.


LaTeX Warning: Label `eq:6' multiply defined.


LaTeX Warning: Label `eq:7' multiply defined.

) (./Kap4/Kap4.aux) (./Kap5/Kap5.aux) (./Kap6/Kap6.aux) (./Anexos/Anexos.aux))
\openout1 = `TesisMSc.aux'.

LaTeX Font Info:    Checking defaults for OML/cmm/m/it on input line 3.
LaTeX Font Info:    ... okay on input line 3.
LaTeX Font Info:    Checking defaults for T1/cmr/m/n on input line 3.
LaTeX Font Info:    ... okay on input line 3.
LaTeX Font Info:    Checking defaults for OT1/cmr/m/n on input line 3.
LaTeX Font Info:    ... okay on input line 3.
LaTeX Font Info:    Checking defaults for OMS/cmsy/m/n on input line 3.
LaTeX Font Info:    ... okay on input line 3.
LaTeX Font Info:    Checking defaults for OMX/cmex/m/n on input line 3.
LaTeX Font Info:    ... okay on input line 3.
LaTeX Font Info:    Checking defaults for U/cmr/m/n on input line 3.
LaTeX Font Info:    ... okay on input line 3.
LaTeX Info: Redefining \. on input line 3.
LaTeX Info: Redefining \% on input line 3.

(/usr/share/texlive/texmf-dist/tex/context/base/mkii/supp-pdf.mkii
[Loading MPS to PDF converter (version 2006.09.02).]
\scratchcounter=\count288
\scratchdimen=\dimen176
\scratchbox=\box56
\nofMPsegments=\count289
\nofMParguments=\count290
\everyMPshowfont=\toks30
\MPscratchCnt=\count291
\MPscratchDim=\dimen177
\MPnumerator=\count292
\makeMPintoPDFobject=\count293
\everyMPtoPDFconversion=\toks31
) (/usr/share/texlive/texmf-dist/tex/latex/oberdiek/epstopdf-base.sty
Package: epstopdf-base 2016/05/15 v2.6 Base part for package epstopdf

(/usr/share/texlive/texmf-dist/tex/generic/oberdiek/infwarerr.sty
Package: infwarerr 2016/05/16 v1.4 Providing info/warning/error messages (HO)
)
(/usr/share/texlive/texmf-dist/tex/latex/oberdiek/grfext.sty
Package: grfext 2016/05/16 v1.2 Manage graphics extensions (HO)

(/usr/share/texlive/texmf-dist/tex/generic/oberdiek/kvdefinekeys.sty
Package: kvdefinekeys 2016/05/16 v1.4 Define keys (HO)

(/usr/share/texlive/texmf-dist/tex/generic/oberdiek/ltxcmds.sty
Package: ltxcmds 2016/05/16 v1.23 LaTeX kernel commands for general use (HO)
)))
(/usr/share/texlive/texmf-dist/tex/latex/oberdiek/kvoptions.sty
Package: kvoptions 2016/05/16 v3.12 Key value format for package options (HO)

(/usr/share/texlive/texmf-dist/tex/generic/oberdiek/kvsetkeys.sty
Package: kvsetkeys 2016/05/16 v1.17 Key value parser (HO)

(/usr/share/texlive/texmf-dist/tex/generic/oberdiek/etexcmds.sty
Package: etexcmds 2016/05/16 v1.6 Avoid name clashes with e-TeX commands (HO)

(/usr/share/texlive/texmf-dist/tex/generic/oberdiek/ifluatex.sty
Package: ifluatex 2016/05/16 v1.4 Provides the ifluatex switch (HO)
Package ifluatex Info: LuaTeX not detected.
)
Package etexcmds Info: Could not find \expanded.
(etexcmds)             That can mean that you are not using pdfTeX 1.50 or
(etexcmds)             that some package has redefined \expanded.
(etexcmds)             In the latter case, load this package earlier.
)))
(/usr/share/texlive/texmf-dist/tex/generic/oberdiek/pdftexcmds.sty
Package: pdftexcmds 2018/01/21 v0.26 Utility functions of pdfTeX for LuaTeX (HO
)

(/usr/share/texlive/texmf-dist/tex/generic/oberdiek/ifpdf.sty
Package: ifpdf 2017/03/15 v3.2 Provides the ifpdf switch
)
Package pdftexcmds Info: LuaTeX not detected.
Package pdftexcmds Info: \pdf@primitive is available.
Package pdftexcmds Info: \pdf@ifprimitive is available.
Package pdftexcmds Info: \pdfdraftmode found.
)
Package epstopdf-base Info: Redefining graphics rule for `.eps' on input line 4
38.
Package grfext Info: Graphics extension search list:
(grfext)             [.pdf,.png,.jpg,.mps,.jpeg,.jbig2,.jb2,.PDF,.PNG,.JPG,.JPE
G,.JBIG2,.JB2,.eps]
(grfext)             \AppendGraphicsExtensions on input line 456.

(/usr/share/texlive/texmf-dist/tex/latex/latexconfig/epstopdf-sys.cfg
File: epstopdf-sys.cfg 2010/07/13 v1.3 Configuration of (r)epstopdf for TeX Liv
e
))
.................................................
. chemgreek info: "mapping-activated"
. 
. Activating mapping `default' on line 3.
.................................................
\openout2 = `HojaTitulo/HojaTituloMSc.aux'.


(./HojaTitulo/HojaTituloMSc.tex
<./HojaTitulo/University_of_Los_Andes_logo.pdf, id=1, 618.41476pt x 227.12856pt
>
File: ./HojaTitulo/University_of_Los_Andes_logo.pdf Graphic file (type pdf)
<use ./HojaTitulo/University_of_Los_Andes_logo.pdf>
Package pdftex.def Info: ./HojaTitulo/University_of_Los_Andes_logo.pdf  used on
 input line 7.
(pdftex.def)             Requested size: 123.68076pt x 45.4249pt.
 [1


{/var/lib/texmf/fonts/map/pdftex/updmap/pdftex.map} <./HojaTitulo/University_of
_Los_Andes_logo.pdf>] [2


] [3] [4


]
Underfull \hbox (badness 10000) in paragraph at lines 48--51

 []


Underfull \hbox (badness 10000) in paragraph at lines 48--51

 []


Underfull \hbox (badness 10000) in paragraph at lines 48--51

 []


Underfull \hbox (badness 10000) in paragraph at lines 54--64

 []


Underfull \hbox (badness 10000) in paragraph at lines 54--64

 []


Underfull \hbox (badness 10000) in paragraph at lines 54--64

 []


Underfull \hbox (badness 10000) in paragraph at lines 54--64

 []

[5] [6


]
Underfull \hbox (badness 10000) in paragraph at lines 70--75

 []


Underfull \hbox (badness 10000) in paragraph at lines 70--75

 []


Underfull \hbox (badness 10000) in paragraph at lines 70--75

 []


Underfull \hbox (badness 10000) in paragraph at lines 70--75

 []

[7] [8


]
Underfull \hbox (badness 10000) in paragraph at lines 79--82

 []


Underfull \hbox (badness 10000) in paragraph at lines 79--82

 []


Underfull \hbox (badness 10000) in paragraph at lines 83--84

 []


Underfull \hbox (badness 10000) in paragraph at lines 85--86

 []


Underfull \hbox (badness 10000) in paragraph at lines 97--98

 []


Underfull \hbox (badness 10000) in paragraph at lines 99--100

 []

)
Underfull \hbox (badness 10000) in paragraph at lines 101--5

 []


Underfull \hbox (badness 10000) in paragraph at lines 101--5

 []

[9] [10] (./TesisMSc.toc
Package tocbasic Info: Using my definition of `\numberline' on input line 1.


LaTeX Font Warning: Font shape `OT1/cmss/bx/sc' undefined
(Font)              using `OT1/cmss/bx/n' instead on input line 1.


Package spanish Warning: Replacing `OT1/cmss/bx/sc' by 
(spanish)                faked small caps on input line 1.

Package tocbasic Info: Using my definition of `\numberline' on input line 2.

Package spanish Warning: Replacing `OT1/cmss/bx/sc' by 
(spanish)                faked small caps on input line 2.

LaTeX Info: Redefining \. on input line 3.
LaTeX Info: Redefining \% on input line 3.
Package tocbasic Info: Using my definition of `\numberline' on input line 4.

Package spanish Warning: Replacing `OT1/cmss/bx/sc' by 
(spanish)                faked small caps on input line 4.

Package tocbasic Info: Using my definition of `\numberline' on input line 5.
Package tocbasic Info: Using my definition of `\numberline' on input line 6.

LaTeX Font Warning: Font shape `OT1/cmss/bx/it' undefined
(Font)              using `OT1/cmss/bx/n' instead on input line 6.

Package tocbasic Info: Using my definition of `\numberline' on input line 7.
Package tocbasic Info: Using my definition of `\numberline' on input line 8.
Package tocbasic Info: Using my definition of `\numberline' on input line 9.
Package tocbasic Info: Using my definition of `\numberline' on input line 10.
Package tocbasic Info: Using my definition of `\numberline' on input line 11.
Package tocbasic Info: Using my definition of `\numberline' on input line 12.
Package tocbasic Info: Using my definition of `\numberline' on input line 13.
Package tocbasic Info: Using my definition of `\numberline' on input line 14.
Package tocbasic Info: Using my definition of `\numberline' on input line 15.

LaTeX Warning: Citation `MelendezDelgado2018StudyingBilayers' on page \es@scrom
an {xi} undefined on input line 15.

Package tocbasic Info: Using my definition of `\numberline' on input line 16.
Package tocbasic Info: Using my definition of `\numberline' on input line 17.

LaTeX Warning: Citation `MelendezDelgado2018StudyingBilayers' on page \es@scrom
an {xi} undefined on input line 17.

Package tocbasic Info: Using my definition of `\numberline' on input line 18.
Package tocbasic Info: Using my definition of `\numberline' on input line 19.
Package tocbasic Info: Using my definition of `\numberline' on input line 20.
Package tocbasic Info: Using my definition of `\numberline' on input line 21.
Package tocbasic Info: Using my definition of `\numberline' on input line 22.
Package tocbasic Info: Using my definition of `\numberline' on input line 23.
Package tocbasic Info: Using my definition of `\numberline' on input line 24.
[11


]
Package tocbasic Info: Using my definition of `\numberline' on input line 25.
Package tocbasic Info: Using my definition of `\numberline' on input line 26.
Package tocbasic Info: Using my definition of `\numberline' on input line 27.
)
\tf@toc=\write3
\openout3 = `TesisMSc.toc'.

LaTeX Info: Redefining \. on input line 16.
LaTeX Info: Redefining \% on input line 16.
 [12]
\openout2 = `Tab_Simbolos/TabSimbolosMSc.aux'.

 (./Tab_Simbolos/TabSimbolosMSc.tex
Underfull \hbox (badness 10000) in paragraph at lines 3--4

 []

[13


]
LaTeX Info: Redefining \. on input line 78.
LaTeX Info: Redefining \% on input line 78.
 [14]
LaTeX Info: Redefining \. on input line 122.
LaTeX Info: Redefining \% on input line 122.
 [15])
LaTeX Info: Redefining \. on input line 16.
LaTeX Info: Redefining \% on input line 16.
 [16]
\openout2 = `Kap1/Kap1.aux'.

 (./Kap1/Kap1.tex
chapter 1.

Class scrbook Warning: \float@addtolists detected!
(scrbook)              Implementation of \float@addtolist became
(scrbook)              deprecated in KOMA-Script v3.01 2008/11/14 and
(scrbook)              has been replaced by several more flexible
(scrbook)              features of package `tocbasic`.
(scrbook)              Since Version 3.12 support for deprecated
(scrbook)              \float@addtolist interface has been
(scrbook)              restricted to only some of the KOMA-Script
(scrbook)              features and been removed from others.
(scrbook)              Loading of package `scrhack' may help to
(scrbook)              avoid this warning, if you are using a
(scrbook)              a package that still implements the
(scrbook)              deprecated \float@addtolist interface .


LaTeX Warning: Citation `Kobayashi2015PathogenesisAbscesses' on page 1 undefine
d on input line 2.


LaTeX Warning: Citation `HarpavatS.NissimS.LipppincottsMicrocards:MicrobiologyF
lashCards2012.' on page 1 undefined on input line 2.


LaTeX Warning: Citation `Meylan2018' on page 1 undefined on input line 2.


Underfull \hbox (badness 10000) in paragraph at lines 2--3

 []


LaTeX Warning: Citation `Orent2006AMagazine' on page 1 undefined on input line 
14.


LaTeX Warning: Citation `HarpavatS.NissimS.LipppincottsMicrocards:MicrobiologyF
lashCards2012.' on page 1 undefined on input line 14.


Underfull \hbox (badness 10000) in paragraph at lines 14--15

 []


LaTeX Warning: Citation `Perez-LopezVariationsProperties' on page 1 undefined o
n input line 16.


LaTeX Warning: Citation `Nagendra2011' on page 1 undefined on input line 16.


Underfull \hbox (badness 10000) in paragraph at lines 16--17

 []


LaTeX Warning: Citation `Hernandez-Villa1BiophysicalPeptides' on page 1 undefin
ed on input line 18.


LaTeX Warning: Citation `MelendezDelgado2018StudyingBilayers' on page 1 undefin
ed on input line 18.


LaTeX Warning: Citation `Perez-LopezVariationsProperties' on page 1 undefined o
n input line 18.


LaTeX Warning: Citation `Nagendra2011' on page 1 undefined on input line 18.


Underfull \hbox (badness 10000) in paragraph at lines 18--19

 []

[1



]

LaTeX Warning: Citation `Perez-LopezVariationsProperties' on page 2 undefined o
n input line 20.


LaTeX Warning: Citation `Nagendra2011' on page 2 undefined on input line 20.


LaTeX Warning: Citation `Marrink2019ComputationalMembranes' on page 2 undefined
 on input line 20.


Underfull \hbox (badness 10000) in paragraph at lines 20--22

 []


LaTeX Warning: Citation `MelendezDelgado2018StudyingBilayers' on page 2 undefin
ed on input line 23.


Underfull \hbox (badness 10000) in paragraph at lines 23--24

 []


LaTeX Warning: Citation `MelendezDelgado2018StudyingBilayers' on page 2 undefin
ed on input line 25.


LaTeX Warning: Citation `Sunhwan2008CHARMM-GUI:CHARMM' on page 2 undefined on i
nput line 25.


LaTeX Warning: Citation `MelendezDelgado2018StudyingBilayers' on page 2 undefin
ed on input line 25.

)
Overfull \hbox (2.87567pt too wide) in paragraph at lines 25--19
\OT1/cmr/m/n/12 CHARMM-GUI [[]] pa-ra de-ter-mi-nar los par^^Same-tros de es-ta
-fi-lo-xan-ti-na. Al-gu-nos de los par^^Same-
 []


Underfull \hbox (badness 10000) in paragraph at lines 25--19

 []

LaTeX Info: Redefining \. on input line 19.
LaTeX Info: Redefining \% on input line 19.
[2] [3]
\openout2 = `Kap2/Kap2.aux'.

 (./Kap2/Kap2.tex
chapter 2.

Underfull \hbox (badness 10000) in paragraph at lines 3--4

 []

<Kap2/grampos1.png, id=90, 413.545pt x 513.92pt>
File: Kap2/grampos1.png Graphic file (type png)
<use Kap2/grampos1.png>
Package pdftex.def Info: Kap2/grampos1.png  used on input line 7.
(pdftex.def)             Requested size: 124.06445pt x 154.17719pt.
<Kap2/grampos2.png, id=92, 1190.046pt x 945.131pt>
File: Kap2/grampos2.png Graphic file (type png)
<use Kap2/grampos2.png>
Package pdftex.def Info: Kap2/grampos2.png  used on input line 8.
(pdftex.def)             Requested size: 178.49919pt x 141.76353pt.

LaTeX Warning: Citation `Nelson2011' on page 4 undefined on input line 9.


LaTeX Warning: Citation `Nelson2011' on page 4 undefined on input line 9.


Underfull \hbox (badness 10000) in paragraph at lines 13--14

 []

[4



 <./Kap2/grampos1.png> <./Kap2/grampos2.png>]

LaTeX Warning: Citation `Sohlenkamp2015BacterialPathways' on page 5 undefined o
n input line 15.


Underfull \hbox (badness 10000) in paragraph at lines 15--17

 []

<Kap2/DMPG.png, id=98, 591.20876pt x 125.46875pt>
File: Kap2/DMPG.png Graphic file (type png)
<use Kap2/DMPG.png>
Package pdftex.def Info: Kap2/DMPG.png  used on input line 20.
(pdftex.def)             Requested size: 236.47931pt x 50.1866pt.

LaTeX Warning: Citation `CHEMDRUGDMPGDimyristoylphosphatidylglycerol' on page 5
 undefined on input line 21.


LaTeX Warning: Citation `CHEMDRUGDMPGDimyristoylphosphatidylglycerol' on page 5
 undefined on input line 21.


LaTeX Warning: Citation `Nagendra2011' on page 5 undefined on input line 25.


Underfull \hbox (badness 10000) in paragraph at lines 25--26

 []


LaTeX Warning: Citation `Heimburg' on page 5 undefined on input line 27.


Underfull \hbox (badness 10000) in paragraph at lines 27--28

 []

LaTeX Info: Redefining \. on input line 28.
LaTeX Info: Redefining \% on input line 28.
[5 <./Kap2/DMPG.png>]
<Kap2/stx_problems.png, id=102, 1084.05pt x 578.16pt>
File: Kap2/stx_problems.png Graphic file (type png)
<use Kap2/stx_problems.png>
Package pdftex.def Info: Kap2/stx_problems.png  used on input line 31.
(pdftex.def)             Requested size: 433.61232pt x 231.2599pt.


LaTeX Warning: Citation `MelendezDelgado2018StudyingBilayers' on page 6 undefin
ed on input line 32.


LaTeX Warning: Citation `MelendezDelgado2018StudyingBilayers' on page 6 undefin
ed on input line 32.


LaTeX Warning: Citation `Nelson2011' on page 6 undefined on input line 36.


Underfull \hbox (badness 10000) in paragraph at lines 38--39

 []


Underfull \hbox (badness 10000) in paragraph at lines 40--41

 []

LaTeX Info: Redefining \. on input line 41.
LaTeX Info: Redefining \% on input line 41.

Package Fancyhdr Warning: \headheight is too small (18.125pt): 
 Make it at least 27.18335pt.
 We now make it that large for the rest of the document.
 This may cause the page layout to be inconsistent, however.

[6 <./Kap2/stx_problems.png>]

LaTeX Warning: Citation `Perez-LopezVariationsProperties' on page 7 undefined o
n input line 42.


LaTeX Warning: Citation `Nagendra2011' on page 7 undefined on input line 42.

)
LaTeX Info: Redefining \. on input line 20.
LaTeX Info: Redefining \% on input line 20.
 [7]
\openout2 = `Kap3/Kap3.aux'.

 (./Kap3/Kap3.tex
chapter 3.

LaTeX Warning: Citation `Cui2006' on page 8 undefined on input line 3.


Underfull \hbox (badness 10000) in paragraph at lines 3--4

 []


Underfull \hbox (badness 10000) in paragraph at lines 5--6

 []


Underfull \hbox (badness 10000) in paragraph at lines 7--8

 []


LaTeX Warning: Citation `Goldstein2001' on page 8 undefined on input line 9.


Underfull \hbox (badness 10000) in paragraph at lines 13--15

 []

[8



]

LaTeX Warning: Citation `Kukol2014MolecularEdition' on page 9 undefined on inpu
t line 18.

LaTeX Info: Redefining \. on input line 37.
LaTeX Info: Redefining \% on input line 37.
[9]
Underfull \hbox (badness 10000) in paragraph at lines 41--43

 []


LaTeX Warning: Citation `MelendezDelgado2018StudyingBilayers' on page 10 undefi
ned on input line 52.


LaTeX Warning: Citation `Mazur1997CommonRevisited' on page 10 undefined on inpu
t line 52.


LaTeX Warning: Citation `MelendezDelgado2018StudyingBilayers' on page 10 undefi
ned on input line 53.


LaTeX Warning: Citation `Mazur1997CommonRevisited' on page 10 undefined on inpu
t line 53.


Underfull \hbox (badness 10000) in paragraph at lines 62--65

 []


LaTeX Warning: Citation `Mazur1997CommonRevisited' on page 10 undefined on inpu
t line 66.

LaTeX Info: Redefining \. on input line 67.
LaTeX Info: Redefining \% on input line 67.
[10]
Underfull \hbox (badness 10000) in paragraph at lines 83--85

 []


LaTeX Warning: Citation `MelendezDelgado2018StudyingBilayers' on page 11 undefi
ned on input line 87.


LaTeX Warning: Citation `MelendezDelgado2018StudyingBilayers' on page 11 undefi
ned on input line 88.


Underfull \hbox (badness 10000) in paragraph at lines 88--89

 []

LaTeX Info: Redefining \. on input line 90.
LaTeX Info: Redefining \% on input line 90.
[11]
Underfull \hbox (badness 10000) in paragraph at lines 90--91

 []

)
LaTeX Info: Redefining \. on input line 21.
LaTeX Info: Redefining \% on input line 21.
 [12]
\openout2 = `Kap4/Kap4.aux'.

 (./Kap4/Kap4.tex
chapter 4.

LaTeX Warning: Citation `MelendezDelgado2018StudyingBilayers' on page 13 undefi
ned on input line 2.


LaTeX Warning: Citation `MelendezDelgado2018StudyingBilayers' on page 13 undefi
ned on input line 7.


Underfull \hbox (badness 10000) in paragraph at lines 7--8

 []


LaTeX Warning: Citation `Sunhwan2008CHARMM-GUI:CHARMM' on page 13 undefined on 
input line 10.


LaTeX Warning: Citation `NationalCenterforBiotechnologyInformationPubChemCID=24
892781' on page 13 undefined on input line 11.


LaTeX Warning: Citation `AbrahamGROMACS2019' on page 13 undefined on input line
 13.


Underfull \hbox (badness 10000) in paragraph at lines 9--14

 []

[13



]
Underfull \hbox (badness 10000) in paragraph at lines 15--17

 []


LaTeX Warning: Citation `Parrinello1981PolymorphicMethod' on page 14 undefined 
on input line 19.


LaTeX Warning: Citation `Darden1993ParticleSystems' on page 14 undefined on inp
ut line 19.


LaTeX Warning: Citation `Hess1997LINCS:Simulations' on page 14 undefined on inp
ut line 19.


LaTeX Warning: Citation `Miyamoto1992Settle:Models' on page 14 undefined on inp
ut line 19.


Underfull \hbox (badness 10000) in paragraph at lines 18--21

 []


Underfull \hbox (badness 10000) in paragraph at lines 21--22

 []

LaTeX Info: Redefining \. on input line 23.
LaTeX Info: Redefining \% on input line 23.
[14]

LaTeX Warning: Citation `Grudzinski2017LocalizationBilayer' on page 15 undefine
d on input line 23.


LaTeX Warning: Citation `Cerezo2012AntioxidantSimulations' on page 15 undefined
 on input line 23.


LaTeX Warning: Citation `Grudzinski2017LocalizationBilayer' on page 15 undefine
d on input line 23.


LaTeX Warning: Citation `Grudzinski2017LocalizationBilayer' on page 15 undefine
d on input line 23.


LaTeX Warning: Citation `Cerezo2012AntioxidantSimulations' on page 15 undefined
 on input line 23.


Underfull \hbox (badness 10000) in paragraph at lines 23--24

 []


LaTeX Warning: Citation `Amber2016' on page 15 undefined on input line 27.


Underfull \hbox (badness 10000) in paragraph at lines 26--28

 []


Underfull \hbox (badness 10000) in paragraph at lines 30--31

 []


LaTeX Warning: Citation `Perez-LopezVariationsProperties' on page 15 undefined 
on input line 32.

LaTeX Info: Redefining \. on input line 33.
LaTeX Info: Redefining \% on input line 33.
[15]
Underfull \hbox (badness 10000) in paragraph at lines 37--38

 []


LaTeX Warning: Citation `Aponte-santamariaSupplementaryFigures' on page 16 unde
fined on input line 48.


Underfull \hbox (badness 10000) in paragraph at lines 47--49

 []

LaTeX Info: Redefining \. on input line 60.
LaTeX Info: Redefining \% on input line 60.
[16]

LaTeX Warning: Citation `MelendezDelgado2018StudyingBilayers' on page 17 undefi
ned on input line 68.


Underfull \hbox (badness 10000) in paragraph at lines 68--69

 []

)
LaTeX Info: Redefining \. on input line 22.
LaTeX Info: Redefining \% on input line 22.
 [17]
\openout2 = `Kap5/Kap5.aux'.

 (./Kap5/Kap5.tex
chapter 5.
)
Underfull \hbox (badness 10000) in paragraph at lines 2--23

 []

[18



]
\openout2 = `Kap6/Kap6.aux'.

 (./Kap6/Kap6.tex
chapter 6.

Underfull \hbox (badness 10000) in paragraph at lines 3--4

 []

)
Underfull \hbox (badness 10000) in paragraph at lines 6--24

 []

[19



]
\openout2 = `Anexos/Anexos.aux'.

 (./Anexos/Anexos.tex

Class scrbook Warning: You are using `\begin{appendix}...\end{appendix}'.
(scrbook)              You should note, that `\appendix' is a mostly globally
(scrbook)              working command not an enviroment with only local
(scrbook)              effects. Therefore `\end{appendix}' will neither
(scrbook)              switch back to normal section numbering nor finish
(scrbook)              every other effect of `\begin{appendix}'.
(scrbook)              Nevertheless, some effects may end with
(scrbook)              `\end{appendix}' and the document may become
(scrbook)              inconsistent.
(scrbook)              Because of this, you should remove `\end{appendix}'
(scrbook)              and replace `\begin{appendix}' by command
(scrbook)              `\appendix' on input line 1.

chapter A.

Underfull \hbox (badness 10000) in paragraph at lines 3--4

 []

[20



]
chapter B.

Underfull \hbox (badness 10000) in paragraph at lines 6--7

 []

[21

]
chapter C.

Underfull \hbox (badness 10000) in paragraph at lines 9--10

 []


Underfull \hbox (badness 10000) in paragraph at lines 11--12

 []


Underfull \hbox (badness 10000) in paragraph at lines 13--14

 []


Underfull \hbox (badness 10000) in paragraph at lines 20--20
[]|\OT1/cmr/m/n/12 American Psy-cho-lo-gi-cal As-so-cia-tion
 []

[22

]) [23]
No file TesisMSc.bbl.
(./TesisMSc.aux (./HojaTitulo/HojaTituloMSc.aux)
LaTeX Info: Redefining \. on input line 8.
LaTeX Info: Redefining \% on input line 8.

(./Tab_Simbolos/TabSimbolosMSc.aux) (./Kap1/Kap1.aux) (./Kap2/Kap2.aux)
(./Kap3/Kap3.aux) (./Kap4/Kap4.aux) (./Kap5/Kap5.aux) (./Kap6/Kap6.aux)
(./Anexos/Anexos.aux))

LaTeX Font Warning: Some font shapes were not available, defaults substituted.


LaTeX Warning: There were undefined references.


LaTeX Warning: There were multiply-defined labels.

 ) 
Here is how much of TeX's memory you used:
 15573 strings out of 492982
 293837 string characters out of 6134896
 467611 words of memory out of 5000000
 18891 multiletter control sequences out of 15000+600000
 542167 words of font info for 62 fonts, out of 8000000 for 9000
 1151 hyphenation exceptions out of 8191
 51i,18n,66p,10366b,542s stack positions out of 5000i,500n,10000p,200000b,80000s
</usr/share/texlive/texmf-dist/fonts/type1/public/amsfonts/cm/cmbx10.pfb></us
r/share/texlive/texmf-dist/fonts/type1/public/amsfonts/cm/cmbx12.pfb></usr/shar
e/texlive/texmf-dist/fonts/type1/public/amsfonts/cm/cmbxti10.pfb></usr/share/te
xlive/texmf-dist/fonts/type1/public/amsfonts/cm/cmcsc10.pfb></usr/share/texlive
/texmf-dist/fonts/type1/public/amsfonts/cm/cmex10.pfb></usr/share/texlive/texmf
-dist/fonts/type1/public/amsfonts/cm/cmmi12.pfb></usr/share/texlive/texmf-dist/
fonts/type1/public/amsfonts/cm/cmmi6.pfb></usr/share/texlive/texmf-dist/fonts/t
ype1/public/amsfonts/cm/cmmi8.pfb></usr/share/texlive/texmf-dist/fonts/type1/pu
blic/amsfonts/cm/cmr10.pfb></usr/share/texlive/texmf-dist/fonts/type1/public/am
sfonts/cm/cmr12.pfb></usr/share/texlive/texmf-dist/fonts/type1/public/amsfonts/
cm/cmr5.pfb></usr/share/texlive/texmf-dist/fonts/type1/public/amsfonts/cm/cmr6.
pfb></usr/share/texlive/texmf-dist/fonts/type1/public/amsfonts/cm/cmr7.pfb></us
r/share/texlive/texmf-dist/fonts/type1/public/amsfonts/cm/cmr8.pfb></usr/share/
texlive/texmf-dist/fonts/type1/public/amsfonts/cm/cmssbx10.pfb></usr/share/texl
ive/texmf-dist/fonts/type1/public/amsfonts/cm/cmsy10.pfb></usr/share/texlive/te
xmf-dist/fonts/type1/public/amsfonts/cm/cmsy6.pfb></usr/share/texlive/texmf-dis
t/fonts/type1/public/amsfonts/cm/cmsy8.pfb></usr/share/texlive/texmf-dist/fonts
/type1/public/amsfonts/cm/cmti10.pfb></usr/share/texlive/texmf-dist/fonts/type1
/public/amsfonts/cm/cmti12.pfb></usr/share/texlive/texmf-dist/fonts/type1/publi
c/amsfonts/cm/cmti8.pfb>
Output written on TesisMSc.pdf (39 pages, 1077138 bytes).
PDF statistics:
 233 PDF objects out of 1000 (max. 8388607)
 159 compressed objects within 2 object streams
 0 named destinations out of 1000 (max. 500000)
 26 words of extra memory for PDF output out of 10000 (max. 10000000)

